cl : 命令行  warning D9035: “Gm”选项已否决，并将在将来的版本中移除
  main.cpp
D:\desktop\NUS_SOC\graphics_rendering\openGL\Assignment1\assign1_todo_(win-vs2017)\main.cpp(55,33): warning C4305: “初始化”: 从“double”到“const GLfloat”截断
D:\desktop\NUS_SOC\graphics_rendering\openGL\Assignment1\assign1_todo_(win-vs2017)\main.cpp(55,38): warning C4305: “初始化”: 从“double”到“const GLfloat”截断
D:\desktop\NUS_SOC\graphics_rendering\openGL\Assignment1\assign1_todo_(win-vs2017)\main.cpp(55,43): warning C4305: “初始化”: 从“double”到“const GLfloat”截断
D:\desktop\NUS_SOC\graphics_rendering\openGL\Assignment1\assign1_todo_(win-vs2017)\main.cpp(58,31): warning C4305: “初始化”: 从“double”到“const GLfloat”截断
D:\desktop\NUS_SOC\graphics_rendering\openGL\Assignment1\assign1_todo_(win-vs2017)\main.cpp(58,36): warning C4305: “初始化”: 从“double”到“const GLfloat”截断
D:\desktop\NUS_SOC\graphics_rendering\openGL\Assignment1\assign1_todo_(win-vs2017)\main.cpp(58,41): warning C4305: “初始化”: 从“double”到“const GLfloat”截断
D:\desktop\NUS_SOC\graphics_rendering\openGL\Assignment1\assign1_todo_(win-vs2017)\main.cpp(66,35): warning C4305: “初始化”: 从“double”到“const GLfloat”截断
D:\desktop\NUS_SOC\graphics_rendering\openGL\Assignment1\assign1_todo_(win-vs2017)\main.cpp(66,40): warning C4305: “初始化”: 从“double”到“const GLfloat”截断
D:\desktop\NUS_SOC\graphics_rendering\openGL\Assignment1\assign1_todo_(win-vs2017)\main.cpp(66,45): warning C4305: “初始化”: 从“double”到“const GLfloat”截断
D:\desktop\NUS_SOC\graphics_rendering\openGL\Assignment1\assign1_todo_(win-vs2017)\main.cpp(67,35): warning C4305: “初始化”: 从“double”到“const GLfloat”截断
D:\desktop\NUS_SOC\graphics_rendering\openGL\Assignment1\assign1_todo_(win-vs2017)\main.cpp(67,40): warning C4305: “初始化”: 从“double”到“const GLfloat”截断
D:\desktop\NUS_SOC\graphics_rendering\openGL\Assignment1\assign1_todo_(win-vs2017)\main.cpp(67,45): warning C4305: “初始化”: 从“double”到“const GLfloat”截断
D:\desktop\NUS_SOC\graphics_rendering\openGL\Assignment1\assign1_todo_(win-vs2017)\main.cpp(68,36): warning C4305: “初始化”: 从“double”到“const GLfloat”截断
D:\desktop\NUS_SOC\graphics_rendering\openGL\Assignment1\assign1_todo_(win-vs2017)\main.cpp(68,41): warning C4305: “初始化”: 从“double”到“const GLfloat”截断
D:\desktop\NUS_SOC\graphics_rendering\openGL\Assignment1\assign1_todo_(win-vs2017)\main.cpp(68,46): warning C4305: “初始化”: 从“double”到“const GLfloat”截断
D:\desktop\NUS_SOC\graphics_rendering\openGL\Assignment1\assign1_todo_(win-vs2017)\main.cpp(72,35): warning C4305: “初始化”: 从“double”到“const GLfloat”截断
D:\desktop\NUS_SOC\graphics_rendering\openGL\Assignment1\assign1_todo_(win-vs2017)\main.cpp(72,40): warning C4305: “初始化”: 从“double”到“const GLfloat”截断
D:\desktop\NUS_SOC\graphics_rendering\openGL\Assignment1\assign1_todo_(win-vs2017)\main.cpp(72,45): warning C4305: “初始化”: 从“double”到“const GLfloat”截断
D:\desktop\NUS_SOC\graphics_rendering\openGL\Assignment1\assign1_todo_(win-vs2017)\main.cpp(73,35): warning C4305: “初始化”: 从“double”到“const GLfloat”截断
D:\desktop\NUS_SOC\graphics_rendering\openGL\Assignment1\assign1_todo_(win-vs2017)\main.cpp(73,40): warning C4305: “初始化”: 从“double”到“const GLfloat”截断
D:\desktop\NUS_SOC\graphics_rendering\openGL\Assignment1\assign1_todo_(win-vs2017)\main.cpp(73,45): warning C4305: “初始化”: 从“double”到“const GLfloat”截断
D:\desktop\NUS_SOC\graphics_rendering\openGL\Assignment1\assign1_todo_(win-vs2017)\main.cpp(74,36): warning C4305: “初始化”: 从“double”到“const GLfloat”截断
D:\desktop\NUS_SOC\graphics_rendering\openGL\Assignment1\assign1_todo_(win-vs2017)\main.cpp(74,41): warning C4305: “初始化”: 从“double”到“const GLfloat”截断
D:\desktop\NUS_SOC\graphics_rendering\openGL\Assignment1\assign1_todo_(win-vs2017)\main.cpp(74,46): warning C4305: “初始化”: 从“double”到“const GLfloat”截断
D:\desktop\NUS_SOC\graphics_rendering\openGL\Assignment1\assign1_todo_(win-vs2017)\main.cpp(153,76): warning C4244: “参数”: 从“double”转换到“GLfloat”，可能丢失数据
D:\desktop\NUS_SOC\graphics_rendering\openGL\Assignment1\assign1_todo_(win-vs2017)\main.cpp(153,44): warning C4244: “参数”: 从“double”转换到“GLfloat”，可能丢失数据
D:\desktop\NUS_SOC\graphics_rendering\openGL\Assignment1\assign1_todo_(win-vs2017)\main.cpp(177,74): warning C4244: “参数”: 从“double”转换到“GLfloat”，可能丢失数据
D:\desktop\NUS_SOC\graphics_rendering\openGL\Assignment1\assign1_todo_(win-vs2017)\main.cpp(177,51): warning C4244: “参数”: 从“double”转换到“GLfloat”，可能丢失数据
D:\desktop\NUS_SOC\graphics_rendering\openGL\Assignment1\assign1_todo_(win-vs2017)\main.cpp(177,25): warning C4244: “参数”: 从“double”转换到“GLfloat”，可能丢失数据
D:\desktop\NUS_SOC\graphics_rendering\openGL\Assignment1\assign1_todo_(win-vs2017)\main.cpp(178,25): warning C4244: “参数”: 从“double”转换到“GLfloat”，可能丢失数据
D:\desktop\NUS_SOC\graphics_rendering\openGL\Assignment1\assign1_todo_(win-vs2017)\main.cpp(481,33): warning C4305: “初始化”: 从“double”到“GLfloat”截断
D:\desktop\NUS_SOC\graphics_rendering\openGL\Assignment1\assign1_todo_(win-vs2017)\main.cpp(481,38): warning C4305: “初始化”: 从“double”到“GLfloat”截断
D:\desktop\NUS_SOC\graphics_rendering\openGL\Assignment1\assign1_todo_(win-vs2017)\main.cpp(481,43): warning C4305: “初始化”: 从“double”到“GLfloat”截断
  main.vcxproj -> D:\desktop\NUS_SOC\graphics_rendering\openGL\Assignment1\assign1_todo_(win-vs2017)\Debug\main.exe
